<?xml version="1.0" encoding="UTF-8"?>
<testsuite xmlns:xsi="http://www.w3.org/2001/XMLSchema-instance" xsi:noNamespaceSchemaLocation="https://maven.apache.org/surefire/maven-surefire-plugin/xsd/surefire-test-report-3.0.xsd" version="3.0" name="org.autotest.TestStackAr" time="0.063" tests="25" errors="0" skipped="0" failures="0">
  <properties>
    <property name="sun.desktop" value="windows"/>
    <property name="awt.toolkit" value="sun.awt.windows.WToolkit"/>
    <property name="java.specification.version" value="12"/>
    <property name="sun.cpu.isalist" value="amd64"/>
    <property name="sun.jnu.encoding" value="Cp1252"/>
    <property name="java.class.path" value="E:\Documents\Projects\pitestVSCodeExtension\test\StackNotMavenPIT\target\test-classes;E:\Documents\Projects\pitestVSCodeExtension\test\StackNotMavenPIT\target\classes;C:\Users\Federico\.m2\repository\junit\junit\4.11\junit-4.11.jar;C:\Users\Federico\.m2\repository\org\hamcrest\hamcrest-core\1.3\hamcrest-core-1.3.jar;"/>
    <property name="java.vm.vendor" value="Oracle Corporation"/>
    <property name="sun.arch.data.model" value="64"/>
    <property name="user.variant" value=""/>
    <property name="java.vendor.url" value="https://java.oracle.com/"/>
    <property name="user.timezone" value="America/Buenos_Aires"/>
    <property name="os.name" value="Windows 10"/>
    <property name="java.vm.specification.version" value="12"/>
    <property name="sun.java.launcher" value="SUN_STANDARD"/>
    <property name="user.country" value="US"/>
    <property name="sun.boot.library.path" value="C:\Users\Federico\opt\jdk-12.0.1\bin"/>
    <property name="sun.java.command" value="C:\Users\Federico\AppData\Local\Temp\surefire5919024904356346872\surefirebooter7912988907343999557.jar C:\Users\Federico\AppData\Local\Temp\surefire5919024904356346872 2019-11-24T19-06-48_649-jvmRun1 surefire13395583081996152929tmp surefire_06316508572961975191tmp"/>
    <property name="jdk.debug" value="release"/>
    <property name="surefire.test.class.path" value="E:\Documents\Projects\pitestVSCodeExtension\test\StackNotMavenPIT\target\test-classes;E:\Documents\Projects\pitestVSCodeExtension\test\StackNotMavenPIT\target\classes;C:\Users\Federico\.m2\repository\junit\junit\4.11\junit-4.11.jar;C:\Users\Federico\.m2\repository\org\hamcrest\hamcrest-core\1.3\hamcrest-core-1.3.jar;"/>
    <property name="sun.cpu.endian" value="little"/>
    <property name="user.home" value="C:\Users\Federico"/>
    <property name="user.language" value="en"/>
    <property name="java.specification.vendor" value="Oracle Corporation"/>
    <property name="java.version.date" value="2019-04-16"/>
    <property name="java.home" value="C:\Users\Federico\opt\jdk-12.0.1"/>
    <property name="file.separator" value="\"/>
    <property name="basedir" value="E:\Documents\Projects\pitestVSCodeExtension\test\StackNotMavenPIT"/>
    <property name="java.vm.compressedOopsMode" value="32-bit"/>
    <property name="line.separator" value="&#10;"/>
    <property name="java.vm.specification.vendor" value="Oracle Corporation"/>
    <property name="java.specification.name" value="Java Platform API Specification"/>
    <property name="java.awt.graphicsenv" value="sun.awt.Win32GraphicsEnvironment"/>
    <property name="surefire.real.class.path" value="C:\Users\Federico\AppData\Local\Temp\surefire5919024904356346872\surefirebooter7912988907343999557.jar"/>
    <property name="user.script" value=""/>
    <property name="sun.management.compiler" value="HotSpot 64-Bit Tiered Compilers"/>
    <property name="java.runtime.version" value="12.0.1+12"/>
    <property name="user.name" value="Federico"/>
    <property name="path.separator" value=";"/>
    <property name="os.version" value="10.0"/>
    <property name="java.runtime.name" value="Java(TM) SE Runtime Environment"/>
    <property name="file.encoding" value="Cp1252"/>
    <property name="java.vm.name" value="Java HotSpot(TM) 64-Bit Server VM"/>
    <property name="localRepository" value="C:\Users\Federico\.m2\repository"/>
    <property name="java.vendor.url.bug" value="https://bugreport.java.com/bugreport/"/>
    <property name="java.io.tmpdir" value="C:\Users\Federico\AppData\Local\Temp\"/>
    <property name="java.version" value="12.0.1"/>
    <property name="user.dir" value="E:\Documents\Projects\pitestVSCodeExtension\test\StackNotMavenPIT"/>
    <property name="os.arch" value="amd64"/>
    <property name="java.vm.specification.name" value="Java Virtual Machine Specification"/>
    <property name="sun.os.patch.level" value=""/>
    <property name="java.library.path" value="C:\Users\Federico\opt\jdk-12.0.1\bin;C:\WINDOWS\Sun\Java\bin;C:\WINDOWS\system32;C:\WINDOWS;C:\Users\Federico\bin;C:\Program Files\Git\mingw64\bin;C:\Program Files\Git\usr\local\bin;C:\Program Files\Git\usr\bin;C:\Program Files\Git\usr\bin;C:\Program Files\Git\mingw64\bin;C:\Program Files\Git\usr\bin;C:\Users\Federico\bin;C:\Program Files (x86)\Intel\Intel(R) Management Engine Components\iCLS;C:\Program Files\Intel\Intel(R) Management Engine Components\iCLS;C:\WINDOWS\system32;C:\WINDOWS;C:\WINDOWS\System32\Wbem;C:\WINDOWS\System32\WindowsPowerShell\v1.0;C:\Program Files (x86)\Intel\Intel(R) Management Engine Components\DAL;C:\Program Files\Intel\Intel(R) Management Engine Components\DAL;C:\Program Files (x86)\Intel\Intel(R) Management Engine Components\IPT;C:\Program Files\Intel\Intel(R) Management Engine Components\IPT;C:\WINDOWS\System32\OpenSSH;C:\Program Files\Git\cmd;C:\Program Files\dotnet;C:\Users\Federico\opt\mvn\bin;C:\Users\Federico\opt\node-v10.15.3-win-x64;C:\Users\Federico\opt\jdk-12.0.1\bin;C:\Users\Federico\opt\node-v10.15.3-win-x64\node_modules\npm;C:\Program Files (x86)\AOMEI Backupper;C:\Program Files\MiKTeX 2.9\miktex\bin\x64;C:\Users\Federico\AppData\Local\Microsoft\WindowsApps;C:\Users\Federico\AppData\Local\Programs\Microsoft VS Code\bin;C:\Program Files\Git\usr\bin\vendor_perl;C:\Program Files\Git\usr\bin\core_perl;."/>
    <property name="java.vm.info" value="mixed mode, sharing"/>
    <property name="java.vendor" value="Oracle Corporation"/>
    <property name="java.vm.version" value="12.0.1+12"/>
    <property name="sun.io.unicode.encoding" value="UnicodeLittle"/>
    <property name="java.class.version" value="56.0"/>
  </properties>
  <testcase name="testStackEqualNull" classname="org.autotest.TestStackAr" time="0"/>
  <testcase name="testStackDiferentReadIndex" classname="org.autotest.TestStackAr" time="0"/>
  <testcase name="testStackSameCapacityReadIndex" classname="org.autotest.TestStackAr" time="0"/>
  <testcase name="testStackEqual_HashCode" classname="org.autotest.TestStackAr" time="0"/>
  <testcase name="testFullAndEmpryStack" classname="org.autotest.TestStackAr" time="0"/>
  <testcase name="testFullStack" classname="org.autotest.TestStackAr" time="0"/>
  <testcase name="testConstructorWithCapacity" classname="org.autotest.TestStackAr" time="0"/>
  <testcase name="testStackDiferentClass" classname="org.autotest.TestStackAr" time="0"/>
  <testcase name="testStackEqualsWithSamePush" classname="org.autotest.TestStackAr" time="0"/>
  <testcase name="testStackSameCapacityDiferentContent" classname="org.autotest.TestStackAr" time="0"/>
  <testcase name="testPushTwoElemStack" classname="org.autotest.TestStackAr" time="0"/>
  <testcase name="testStackOneElem_HashCode" classname="org.autotest.TestStackAr" time="0"/>
  <testcase name="testPushOneElemStack" classname="org.autotest.TestStackAr" time="0"/>
  <testcase name="testDefaultStack" classname="org.autotest.TestStackAr" time="0"/>
  <testcase name="testTopInEmpry" classname="org.autotest.TestStackAr" time="0"/>
  <testcase name="testPushInFull" classname="org.autotest.TestStackAr" time="0"/>
  <testcase name="testStacktoStringEquals" classname="org.autotest.TestStackAr" time="0"/>
  <testcase name="testStackEmpty_HashCode" classname="org.autotest.TestStackAr" time="0"/>
  <testcase name="testStacktoStringSimple" classname="org.autotest.TestStackAr" time="0"/>
  <testcase name="testPopInEmpry" classname="org.autotest.TestStackAr" time="0"/>
  <testcase name="testPopAndTopResultAreTheSame" classname="org.autotest.TestStackAr" time="0"/>
  <testcase name="testNegativeCapacityStack" classname="org.autotest.TestStackAr" time="0"/>
  <testcase name="testStackEqualToItself" classname="org.autotest.TestStackAr" time="0"/>
  <testcase name="testPushAndPullOneElemStack" classname="org.autotest.TestStackAr" time="0"/>
  <testcase name="testStackDiferentCapacity" classname="org.autotest.TestStackAr" time="0"/>
</testsuite>